Source file sample_1
  Class C
    Methods
    main
       0 t~1 = 0
       1 t~0 = a > t~1
       2 ifFalse t~0 goto 5
       3 t~2 = a + b
       4 goto 6
       5 t~3 = b * d
       6 t~4 = a + b
       7 t~5 = c * d
       8 t~6 = t~4 - t~5
       9 t~7 = 4
      10 t~8 = INT-to-ULONG t~7
      11 t~9 = t~8 * veryLong
      12 t~10 = 4
      13 t~11 = INT-to-ULONG t~10
      14 t~12 = t~11 * veryLong
      15 t~13 = 4
      16 t~14 = INT-to-ULONG t~13
      17 t~15 = t~14 * veryLong
      18 t~16 = a
      19 call sample_2::writeln(t~16)
    getA
       0 t~17 = this
       1 t~18 = t~17.a
       2 return t~18
    setA
       0 t~19 = this
       1 t~19.a = a
       2 t~20 = new D()
       3 t~21 = this
       4 t~21.d = t~20
       5 t~22 = this
       6 t~23 = this
       7 t~24 = t~23.d
       8 t~24.c = t~22
       9 t~25 = new E()
      10 t~26 = this
      11 t~27 = t~26.d
      12 t~27.e = t~25
    gcd
       0 t~29 = 0
       1 t~28 = a > t~29
       2 t~31 = 0
       3 t~30 = b > t~31
       4 t~32 = t~28 && t~30
       5 ifFalse t~32 goto 11
       6 t = a
       7 a = b
       8 t~33 = t % b
       9 b = t~33
      10 goto 0
      11 t~35 = 0
      12 t~34 = a == t~35
      13 ifFalse t~34 goto 17
      14 t~36 = 1
      15 t~37 = b + t~36
      16 return t~37
      17 t~38 = 1
      18 t~39 = a - t~38
      19 return t~39
    hasNegative
       0 t~41 = a.length
       1 t~40 = i < t~41
       2 ifFalse t~40 goto 13
       3 t~43 = a[i]
       4 t~44 = 0
       5 t~42 = t~43 < t~44
       6 ifFalse t~42 goto 9
       7 t~45 = true
       8 ans = t~45
       9 t~46 = 1
      10 t~47 = i + t~46
      11 i = t~47
      12 goto 0
      13 return ans
    Fields
    a : INT
    b : INT
    x : CHAR
    y : CHAR
    d : D
